Dispatching 8 Parallel tasks concurrently:
  - final-recap
  - milestones
  - timeline-events
  - donations
  - celebrity-guests
  - media-coverage
  - shorts-clips
  - engagement-records
[media-coverage] started run trun_be2f5e833f4c497c95c3edb6d4a309c4 (processor=core)
[engagement-records] started run trun_f520201f6d8943b78ac2fbac95d05fcc (processor=pro)
[donations] started run trun_3ae4f8fe2eaf4ba7814333c561e6eddc (processor=pro)
[shorts-clips] started run trun_58bb06cf315340e09ff594fa8bda5143 (processor=core)
[final-recap] started run trun_a5e367f560604eb2b24203940c51a9ed (processor=pro)
[timeline-events] started run trun_6f7b030719d84cc8ba767e2cb4a90c42 (processor=pro)
[milestones] started run trun_6bc533bfea9f4816b05b3f35905b46f7 (processor=pro)
[celebrity-guests] started run trun_83d76c8aca7740d2a0b321c350be1720 (processor=pro)
[shorts-clips] saved -> /Users/pcstyle/projects/01-Web-Apps/diss-na-raka/research/postevent/shorts-clips.json
[media-coverage] saved -> /Users/pcstyle/projects/01-Web-Apps/diss-na-raka/research/postevent/media-coverage.json
[final-recap] saved -> /Users/pcstyle/projects/01-Web-Apps/diss-na-raka/research/postevent/final-recap.json
[donations] saved -> /Users/pcstyle/projects/01-Web-Apps/diss-na-raka/research/postevent/donations.json
